0 info it worked if it ends with ok
1 verbose cli [ '/usr/local/bin/node',
1 verbose cli   '/usr/local/bin/npm',
1 verbose cli   'install',
1 verbose cli   '-g',
1 verbose cli   'primo-lumber' ]
2 info using npm@1.1.63
3 info using node@v0.8.12
4 verbose read json /usr/local/lib/package.json
5 verbose read json /usr/local/lib/package.json
6 verbose cache add [ 'primo-lumber', null ]
7 silly cache add name=undefined spec="primo-lumber" args=["primo-lumber",null]
8 verbose parsed url { pathname: 'primo-lumber',
8 verbose parsed url   path: 'primo-lumber',
8 verbose parsed url   href: 'primo-lumber' }
9 silly lockFile df13785f-primo-lumber primo-lumber
10 verbose lock primo-lumber /home/robashton/.npm/df13785f-primo-lumber.lock
11 silly lockFile df13785f-primo-lumber primo-lumber
12 verbose addNamed [ 'primo-lumber', '' ]
13 verbose addNamed [ null, '' ]
14 silly lockFile da16fcde-primo-lumber primo-lumber@
15 verbose lock primo-lumber@ /home/robashton/.npm/da16fcde-primo-lumber.lock
16 silly addNameRange { name: 'primo-lumber', range: '', hasData: false }
17 verbose url raw primo-lumber
18 verbose url resolving [ 'https://registry.npmjs.org/', './primo-lumber' ]
19 verbose url resolved https://registry.npmjs.org/primo-lumber
20 info trying registry request attempt 1 at 01:26:05
21 http GET https://registry.npmjs.org/primo-lumber
22 http 404 https://registry.npmjs.org/primo-lumber
23 silly registry.get cb [ 404,
23 silly registry.get   { server: 'CouchDB/1.2.1 (Erlang OTP/R15B)',
23 silly registry.get     date: 'Sun, 13 Jan 2013 12:37:19 GMT',
23 silly registry.get     'content-type': 'application/json',
23 silly registry.get     'content-length': '52',
23 silly registry.get     'cache-control': 'must-revalidate' } ]
24 silly lockFile da16fcde-primo-lumber primo-lumber@
25 error 404 'primo-lumber' is not in the npm registry.
25 error 404 You should bug the author to publish it
25 error 404
25 error 404 Note that you can also install from a
25 error 404 tarball, folder, or http url, or git url.
26 error System Linux 3.2.0-3-amd64
27 error command "/usr/local/bin/node" "/usr/local/bin/npm" "install" "-g" "primo-lumber"
28 error cwd /home/robashton/src/primo/lumber
29 error node -v v0.8.12
30 error npm -v 1.1.63
31 error code E404
32 verbose exit [ 1, true ]
